  aio_capture.c
  aio_playback.c
  core.c
  init_cli.c
  init_miniaudio.c
  init_opus.c
  init_tui.c
  miniaudio.c
  cli_interface.c
  cli_interpret.c
  tui_interface.c
  tui_interpret.c
  tui_update.c
  ux_interface.c
  Generating Code...
libcrypto.lib(libcrypto-lib-bio_addr.obj) : warning LNK4099: PDB '' was not found with 'libcrypto.lib(libcrypto-lib-bio_addr.obj)' or at ''; linking object as if no debug info
libcrypto.lib(libcrypto-lib-dso_win32.obj) : warning LNK4099: PDB '' was not found with 'libcrypto.lib(libcrypto-lib-dso_win32.obj)' or at ''; linking object as if no debug info
libcrypto.lib(libcrypto-lib-eng_openssl.obj) : warning LNK4099: PDB '' was not found with 'libcrypto.lib(libcrypto-lib-eng_openssl.obj)' or at ''; linking object as if no debug info
libcrypto.lib(libcrypto-lib-cryptlib.obj) : warning LNK4099: PDB '' was not found with 'libcrypto.lib(libcrypto-lib-cryptlib.obj)' or at ''; linking object as if no debug info
libcrypto.lib(libcrypto-lib-ui_openssl.obj) : warning LNK4099: PDB '' was not found with 'libcrypto.lib(libcrypto-lib-ui_openssl.obj)' or at ''; linking object as if no debug info
libssl.lib(libssl-lib-ssl_lib.obj) : warning LNK4099: PDB '' was not found with 'libssl.lib(libssl-lib-ssl_lib.obj)' or at ''; linking object as if no debug info
  MagnetarVoIP.vcxproj -> D:\MagnetarVoIP\x64\Debug\MagnetarVoIP.exe
